<?xml version="1.0" encoding="UTF-8"?>
<testng-results ignored="0" total="2" passed="2" failed="0" skipped="0">
  <reporter-output>
  </reporter-output>
  <suite started-at="2025-01-06T19:03:56 IST" name="Suite" finished-at="2025-01-06T19:04:17 IST" duration-ms="21008">
    <groups>
      <group name="Master">
        <method signature="LoginTest.Test()[pri:0, instance:tests.LoginTest@7c7a06ec]" name="Test" class="tests.LoginTest"/>
        <method signature="RegistrationTest.Test()[pri:0, instance:tests.RegistrationTest@36fc695d]" name="Test" class="tests.RegistrationTest"/>
      </group> <!-- Master -->
      <group name="Sanity">
        <method signature="LoginTest.Test()[pri:0, instance:tests.LoginTest@7c7a06ec]" name="Test" class="tests.LoginTest"/>
      </group> <!-- Sanity -->
      <group name="Regression">
        <method signature="RegistrationTest.Test()[pri:0, instance:tests.RegistrationTest@36fc695d]" name="Test" class="tests.RegistrationTest"/>
      </group> <!-- Regression -->
    </groups>
    <test started-at="2025-01-06T19:03:56 IST" name="Chrome Test" finished-at="2025-01-06T19:04:17 IST" duration-ms="21008">
      <class name="tests.LoginTest">
        <test-method is-config="true" signature="setUp(java.lang.String)[pri:0, instance:tests.LoginTest@7c7a06ec]" started-at="2025-01-06T19:04:06 IST" name="setUp" finished-at="2025-01-06T19:04:14 IST" duration-ms="7369" status="PASS">
          <params>
            <param index="0">
              <value>
                <![CDATA[Chrome]]>
              </value>
            </param>
          </params>
          <reporter-output>
          </reporter-output>
        </test-method> <!-- setUp -->
        <test-method signature="Test()[pri:0, instance:tests.LoginTest@7c7a06ec]" started-at="2025-01-06T19:04:14 IST" name="Test" finished-at="2025-01-06T19:04:17 IST" duration-ms="3114" status="PASS">
          <reporter-output>
          </reporter-output>
        </test-method> <!-- Test -->
      </class> <!-- tests.LoginTest -->
      <class name="tests.RegistrationTest">
        <test-method is-config="true" signature="setUp(java.lang.String)[pri:0, instance:tests.RegistrationTest@36fc695d]" started-at="2025-01-06T19:03:56 IST" name="setUp" finished-at="2025-01-06T19:04:03 IST" duration-ms="6764" status="PASS">
          <params>
            <param index="0">
              <value>
                <![CDATA[Chrome]]>
              </value>
            </param>
          </params>
          <reporter-output>
          </reporter-output>
        </test-method> <!-- setUp -->
        <test-method signature="Test()[pri:0, instance:tests.RegistrationTest@36fc695d]" started-at="2025-01-06T19:04:03 IST" name="Test" finished-at="2025-01-06T19:04:06 IST" duration-ms="3726" status="PASS">
          <reporter-output>
          </reporter-output>
        </test-method> <!-- Test -->
      </class> <!-- tests.RegistrationTest -->
    </test> <!-- Chrome Test -->
  </suite> <!-- Suite -->
</testng-results>
